\BOOKMARK [0][-]{chapter.1}{Dataset}{}% 1
\BOOKMARK [0][-]{chapter.2}{Design}{}% 2
\BOOKMARK [1][-]{section.2.1}{Introduction To The Application}{chapter.2}% 3
\BOOKMARK [1][-]{section.2.2}{Requirements}{chapter.2}% 4
\BOOKMARK [2][-]{subsection.2.2.1}{Main Actors}{section.2.2}% 5
\BOOKMARK [2][-]{subsection.2.2.2}{Functional Requirements}{section.2.2}% 6
\BOOKMARK [2][-]{subsection.2.2.3}{Non-Functional Requirements}{section.2.2}% 7
\BOOKMARK [2][-]{subsection.2.2.4}{Actors and Use Cases}{section.2.2}% 8
\BOOKMARK [1][-]{section.2.3}{UML Class Diagram}{chapter.2}% 9
\BOOKMARK [1][-]{section.2.4}{Data Model}{chapter.2}% 10
\BOOKMARK [2][-]{subsection.2.4.1}{DocumentDB}{section.2.4}% 11
\BOOKMARK [2][-]{subsection.2.4.2}{GraphDB}{section.2.4}% 12
\BOOKMARK [1][-]{section.2.5}{Distributed Database Design}{chapter.2}% 13
\BOOKMARK [2][-]{subsection.2.5.1}{Replicas}{section.2.5}% 14
\BOOKMARK [2][-]{subsection.2.5.2}{Sharding}{section.2.5}% 15
\BOOKMARK [1][-]{section.2.6}{Software Architecture}{chapter.2}% 16
\BOOKMARK [0][-]{chapter.3}{Implementation and Test}{}% 17
\BOOKMARK [1][-]{section.3.1}{Main Modules}{chapter.3}% 18
\BOOKMARK [1][-]{section.3.2}{Main Packages and Classes}{chapter.3}% 19
\BOOKMARK [1][-]{section.3.3}{Most Relevant Queries}{chapter.3}% 20
\BOOKMARK [2][-]{subsection.3.3.1}{MongoDB}{section.3.3}% 21
\BOOKMARK [2][-]{subsection.3.3.2}{Neo4J}{section.3.3}% 22
\BOOKMARK [1][-]{section.3.4}{Unit Test}{chapter.3}% 23
\BOOKMARK [1][-]{section.3.5}{Tests and Statistical Analysis}{chapter.3}% 24
\BOOKMARK [0][-]{chapter.4}{User Manual}{}% 25
